2023-11-06 17:55:34 [34mINFO [0;39m [36mplay.api.http.EnabledFilters[0;39m [35m[0;39m Enabled Filters (see <https://www.playframework.com/documentation/latest/Filters>):

    play.filters.csrf.CSRFFilter
    play.filters.headers.SecurityHeadersFilter
    play.filters.hosts.AllowedHostsFilter

2023-11-06 17:55:34 [34mINFO [0;39m [36mplay.api.Play[0;39m [35m[0;39m Application started (Dev) (no global state)
2023-11-06 17:59:07 [34mINFO [0;39m [36mp.a.http.HttpErrorHandlerExceptions[0;39m [35m[0;39m Registering exception handler: guice-provision-exception-handler
2023-11-06 17:59:07 [34mINFO [0;39m [36mplay.api.http.EnabledFilters[0;39m [35m[0;39m Enabled Filters (see <https://www.playframework.com/documentation/latest/Filters>):

    play.filters.csrf.CSRFFilter
    play.filters.headers.SecurityHeadersFilter
    play.filters.hosts.AllowedHostsFilter

2023-11-06 17:59:07 [34mINFO [0;39m [36mplay.api.Play[0;39m [35m[0;39m Application started (Dev) (no global state)
2023-11-06 17:59:29 [34mINFO [0;39m [36mp.a.http.HttpErrorHandlerExceptions[0;39m [35m[0;39m Registering exception handler: guice-provision-exception-handler
2023-11-06 17:59:29 [34mINFO [0;39m [36mplay.api.http.EnabledFilters[0;39m [35m[0;39m Enabled Filters (see <https://www.playframework.com/documentation/latest/Filters>):

    play.filters.csrf.CSRFFilter
    play.filters.headers.SecurityHeadersFilter
    play.filters.hosts.AllowedHostsFilter

2023-11-06 17:59:29 [34mINFO [0;39m [36mplay.api.Play[0;39m [35m[0;39m Application started (Dev) (no global state)
2023-11-06 18:02:50 [1;31mERROR[0;39m [36mp.api.http.DefaultHttpErrorHandler[0;39m [35m[0;39m 

! @83el8dda5 - Internal server error, for (POST) [/placeCard] ->
 
play.api.http.HttpErrorHandlerExceptions$$anon$1: Execution exception[[NumberFormatException: For input string: ""]]
	at play.api.http.HttpErrorHandlerExceptions$.$anonfun$convertToPlayException$2(HttpErrorHandler.scala:400)
	at scala.Option.map(Option.scala:242)
	at play.api.http.HttpErrorHandlerExceptions$.convertToPlayException(HttpErrorHandler.scala:398)
	at play.api.http.HttpErrorHandlerExceptions$.throwableToUsefulException(HttpErrorHandler.scala:390)
	at play.api.http.DefaultHttpErrorHandler.onServerError(HttpErrorHandler.scala:267)
	at play.core.server.AkkaHttpServer$$anonfun$invokeAction$1$1.applyOrElse(AkkaHttpServer.scala:482)
	at play.core.server.AkkaHttpServer$$anonfun$invokeAction$1$1.applyOrElse(AkkaHttpServer.scala:474)
	at scala.concurrent.impl.Promise$Transformation.run(Promise.scala:490)
	at akka.dispatch.BatchingExecutor$AbstractBatch.processBatch(BatchingExecutor.scala:63)
	at akka.dispatch.BatchingExecutor$BlockableBatch.$anonfun$run$1(BatchingExecutor.scala:100)
	at scala.runtime.java8.JFunction0$mcV$sp.apply(JFunction0$mcV$sp.scala:18)
	at scala.concurrent.BlockContext$.withBlockContext(BlockContext.scala:94)
	at akka.dispatch.BatchingExecutor$BlockableBatch.run(BatchingExecutor.scala:100)
	at akka.dispatch.TaskInvocation.run(AbstractDispatcher.scala:49)
	at akka.dispatch.ForkJoinExecutorConfigurator$AkkaForkJoinTask.exec(ForkJoinExecutorConfigurator.scala:48)
	at java.base/java.util.concurrent.ForkJoinTask.doExec(ForkJoinTask.java:387)
	at java.base/java.util.concurrent.ForkJoinPool$WorkQueue.topLevelExec(ForkJoinPool.java:1312)
	at java.base/java.util.concurrent.ForkJoinPool.scan(ForkJoinPool.java:1843)
	at java.base/java.util.concurrent.ForkJoinPool.runWorker(ForkJoinPool.java:1808)
	at java.base/java.util.concurrent.ForkJoinWorkerThread.run(ForkJoinWorkerThread.java:188)
Caused by: java.lang.NumberFormatException: For input string: ""
	at java.base/java.lang.NumberFormatException.forInputString(NumberFormatException.java:67)
	at java.base/java.lang.Integer.parseInt(Integer.java:671)
	at java.base/java.lang.Integer.parseInt(Integer.java:777)
	at scala.collection.StringOps$.toInt$extension(StringOps.scala:908)
	at controllers.HomeController.$anonfun$placeCard$1(HomeController.scala:50)
	at scala.Function1.$anonfun$andThen$1(Function1.scala:87)
	at play.api.mvc.ActionBuilderImpl.invokeBlock(Action.scala:496)
	at play.api.mvc.ActionBuilderImpl.invokeBlock(Action.scala:494)
	at play.api.mvc.ActionBuilder$$anon$9.apply(Action.scala:434)
	at play.api.mvc.Action.$anonfun$apply$6(Action.scala:83)
	at play.api.mvc.BodyParser$.$anonfun$runParserThenInvokeAction$1(Action.scala:260)
	at play.api.libs.streams.StrictAccumulator.$anonfun$mapFuture$4(Accumulator.scala:167)
	at scala.util.Try$.apply(Try.scala:210)
	at play.api.libs.streams.StrictAccumulator.$anonfun$mapFuture$3(Accumulator.scala:167)
	at scala.Function1.$anonfun$andThen$1(Function1.scala:87)
	at scala.Function1.$anonfun$andThen$1(Function1.scala:87)
	at play.api.libs.streams.StrictAccumulator.run(Accumulator.scala:199)
	at play.core.server.AkkaHttpServer.$anonfun$runAction$3(AkkaHttpServer.scala:468)
	at akka.http.scaladsl.util.FastFuture$.strictTransform$1(FastFuture.scala:40)
	at akka.http.scaladsl.util.FastFuture$.$anonfun$transformWith$3(FastFuture.scala:50)
	at scala.concurrent.impl.Promise$Transformation.run(Promise.scala:484)
	... 12 common frames omitted
2023-11-06 18:02:51 [1;31mERROR[0;39m [36mp.api.http.DefaultHttpErrorHandler[0;39m [35m[0;39m 

! @83el8dfph - Internal server error, for (POST) [/placeCard] ->
 
play.api.http.HttpErrorHandlerExceptions$$anon$1: Execution exception[[NumberFormatException: For input string: ""]]
	at play.api.http.HttpErrorHandlerExceptions$.$anonfun$convertToPlayException$2(HttpErrorHandler.scala:400)
	at scala.Option.map(Option.scala:242)
	at play.api.http.HttpErrorHandlerExceptions$.convertToPlayException(HttpErrorHandler.scala:398)
	at play.api.http.HttpErrorHandlerExceptions$.throwableToUsefulException(HttpErrorHandler.scala:390)
	at play.api.http.DefaultHttpErrorHandler.onServerError(HttpErrorHandler.scala:267)
	at play.core.server.AkkaHttpServer$$anonfun$invokeAction$1$1.applyOrElse(AkkaHttpServer.scala:482)
	at play.core.server.AkkaHttpServer$$anonfun$invokeAction$1$1.applyOrElse(AkkaHttpServer.scala:474)
	at scala.concurrent.impl.Promise$Transformation.run(Promise.scala:490)
	at akka.dispatch.BatchingExecutor$AbstractBatch.processBatch(BatchingExecutor.scala:63)
	at akka.dispatch.BatchingExecutor$BlockableBatch.$anonfun$run$1(BatchingExecutor.scala:100)
	at scala.runtime.java8.JFunction0$mcV$sp.apply(JFunction0$mcV$sp.scala:18)
	at scala.concurrent.BlockContext$.withBlockContext(BlockContext.scala:94)
	at akka.dispatch.BatchingExecutor$BlockableBatch.run(BatchingExecutor.scala:100)
	at akka.dispatch.TaskInvocation.run(AbstractDispatcher.scala:49)
	at akka.dispatch.ForkJoinExecutorConfigurator$AkkaForkJoinTask.exec(ForkJoinExecutorConfigurator.scala:48)
	at java.base/java.util.concurrent.ForkJoinTask.doExec(ForkJoinTask.java:387)
	at java.base/java.util.concurrent.ForkJoinPool$WorkQueue.topLevelExec(ForkJoinPool.java:1312)
	at java.base/java.util.concurrent.ForkJoinPool.scan(ForkJoinPool.java:1843)
	at java.base/java.util.concurrent.ForkJoinPool.runWorker(ForkJoinPool.java:1808)
	at java.base/java.util.concurrent.ForkJoinWorkerThread.run(ForkJoinWorkerThread.java:188)
Caused by: java.lang.NumberFormatException: For input string: ""
	at java.base/java.lang.NumberFormatException.forInputString(NumberFormatException.java:67)
	at java.base/java.lang.Integer.parseInt(Integer.java:671)
	at java.base/java.lang.Integer.parseInt(Integer.java:777)
	at scala.collection.StringOps$.toInt$extension(StringOps.scala:908)
	at controllers.HomeController.$anonfun$placeCard$1(HomeController.scala:50)
	at scala.Function1.$anonfun$andThen$1(Function1.scala:87)
	at play.api.mvc.ActionBuilderImpl.invokeBlock(Action.scala:496)
	at play.api.mvc.ActionBuilderImpl.invokeBlock(Action.scala:494)
	at play.api.mvc.ActionBuilder$$anon$9.apply(Action.scala:434)
	at play.api.mvc.Action.$anonfun$apply$6(Action.scala:83)
	at play.api.mvc.BodyParser$.$anonfun$runParserThenInvokeAction$1(Action.scala:260)
	at play.api.libs.streams.StrictAccumulator.$anonfun$mapFuture$4(Accumulator.scala:167)
	at scala.util.Try$.apply(Try.scala:210)
	at play.api.libs.streams.StrictAccumulator.$anonfun$mapFuture$3(Accumulator.scala:167)
	at scala.Function1.$anonfun$andThen$1(Function1.scala:87)
	at scala.Function1.$anonfun$andThen$1(Function1.scala:87)
	at play.api.libs.streams.StrictAccumulator.run(Accumulator.scala:199)
	at play.core.server.AkkaHttpServer.$anonfun$runAction$3(AkkaHttpServer.scala:468)
	at akka.http.scaladsl.util.FastFuture$.strictTransform$1(FastFuture.scala:40)
	at akka.http.scaladsl.util.FastFuture$.$anonfun$transformWith$3(FastFuture.scala:50)
	at scala.concurrent.impl.Promise$Transformation.run(Promise.scala:484)
	... 12 common frames omitted
2023-11-06 18:03:19 [1;31mERROR[0;39m [36mp.api.http.DefaultHttpErrorHandler[0;39m [35m[0;39m 

! @83el8f4ph - Internal server error, for (POST) [/placeCard] ->
 
play.api.http.HttpErrorHandlerExceptions$$anon$1: Execution exception[[NumberFormatException: For input string: ""]]
	at play.api.http.HttpErrorHandlerExceptions$.$anonfun$convertToPlayException$2(HttpErrorHandler.scala:400)
	at scala.Option.map(Option.scala:242)
	at play.api.http.HttpErrorHandlerExceptions$.convertToPlayException(HttpErrorHandler.scala:398)
	at play.api.http.HttpErrorHandlerExceptions$.throwableToUsefulException(HttpErrorHandler.scala:390)
	at play.api.http.DefaultHttpErrorHandler.onServerError(HttpErrorHandler.scala:267)
	at play.core.server.AkkaHttpServer$$anonfun$invokeAction$1$1.applyOrElse(AkkaHttpServer.scala:482)
	at play.core.server.AkkaHttpServer$$anonfun$invokeAction$1$1.applyOrElse(AkkaHttpServer.scala:474)
	at scala.concurrent.impl.Promise$Transformation.run(Promise.scala:490)
	at akka.dispatch.BatchingExecutor$AbstractBatch.processBatch(BatchingExecutor.scala:63)
	at akka.dispatch.BatchingExecutor$BlockableBatch.$anonfun$run$1(BatchingExecutor.scala:100)
	at scala.runtime.java8.JFunction0$mcV$sp.apply(JFunction0$mcV$sp.scala:18)
	at scala.concurrent.BlockContext$.withBlockContext(BlockContext.scala:94)
	at akka.dispatch.BatchingExecutor$BlockableBatch.run(BatchingExecutor.scala:100)
	at akka.dispatch.TaskInvocation.run(AbstractDispatcher.scala:49)
	at akka.dispatch.ForkJoinExecutorConfigurator$AkkaForkJoinTask.exec(ForkJoinExecutorConfigurator.scala:48)
	at java.base/java.util.concurrent.ForkJoinTask.doExec(ForkJoinTask.java:387)
	at java.base/java.util.concurrent.ForkJoinPool$WorkQueue.topLevelExec(ForkJoinPool.java:1312)
	at java.base/java.util.concurrent.ForkJoinPool.scan(ForkJoinPool.java:1843)
	at java.base/java.util.concurrent.ForkJoinPool.runWorker(ForkJoinPool.java:1808)
	at java.base/java.util.concurrent.ForkJoinWorkerThread.run(ForkJoinWorkerThread.java:188)
Caused by: java.lang.NumberFormatException: For input string: ""
	at java.base/java.lang.NumberFormatException.forInputString(NumberFormatException.java:67)
	at java.base/java.lang.Integer.parseInt(Integer.java:671)
	at java.base/java.lang.Integer.parseInt(Integer.java:777)
	at scala.collection.StringOps$.toInt$extension(StringOps.scala:908)
	at controllers.HomeController.$anonfun$placeCard$1(HomeController.scala:50)
	at scala.Function1.$anonfun$andThen$1(Function1.scala:87)
	at play.api.mvc.ActionBuilderImpl.invokeBlock(Action.scala:496)
	at play.api.mvc.ActionBuilderImpl.invokeBlock(Action.scala:494)
	at play.api.mvc.ActionBuilder$$anon$9.apply(Action.scala:434)
	at play.api.mvc.Action.$anonfun$apply$6(Action.scala:83)
	at play.api.mvc.BodyParser$.$anonfun$runParserThenInvokeAction$1(Action.scala:260)
	at play.api.libs.streams.StrictAccumulator.$anonfun$mapFuture$4(Accumulator.scala:167)
	at scala.util.Try$.apply(Try.scala:210)
	at play.api.libs.streams.StrictAccumulator.$anonfun$mapFuture$3(Accumulator.scala:167)
	at scala.Function1.$anonfun$andThen$1(Function1.scala:87)
	at scala.Function1.$anonfun$andThen$1(Function1.scala:87)
	at play.api.libs.streams.StrictAccumulator.run(Accumulator.scala:199)
	at play.core.server.AkkaHttpServer.$anonfun$runAction$3(AkkaHttpServer.scala:468)
	at akka.http.scaladsl.util.FastFuture$.strictTransform$1(FastFuture.scala:40)
	at akka.http.scaladsl.util.FastFuture$.$anonfun$transformWith$3(FastFuture.scala:50)
	at scala.concurrent.impl.Promise$Transformation.run(Promise.scala:484)
	... 12 common frames omitted
2023-11-06 18:03:24 [1;31mERROR[0;39m [36mp.api.http.DefaultHttpErrorHandler[0;39m [35m[0;39m 

! @83el8fbga - Internal server error, for (POST) [/placeCard] ->
 
play.api.http.HttpErrorHandlerExceptions$$anon$1: Execution exception[[NumberFormatException: For input string: ""]]
	at play.api.http.HttpErrorHandlerExceptions$.$anonfun$convertToPlayException$2(HttpErrorHandler.scala:400)
	at scala.Option.map(Option.scala:242)
	at play.api.http.HttpErrorHandlerExceptions$.convertToPlayException(HttpErrorHandler.scala:398)
	at play.api.http.HttpErrorHandlerExceptions$.throwableToUsefulException(HttpErrorHandler.scala:390)
	at play.api.http.DefaultHttpErrorHandler.onServerError(HttpErrorHandler.scala:267)
	at play.core.server.AkkaHttpServer$$anonfun$invokeAction$1$1.applyOrElse(AkkaHttpServer.scala:482)
	at play.core.server.AkkaHttpServer$$anonfun$invokeAction$1$1.applyOrElse(AkkaHttpServer.scala:474)
	at scala.concurrent.impl.Promise$Transformation.run(Promise.scala:490)
	at akka.dispatch.BatchingExecutor$AbstractBatch.processBatch(BatchingExecutor.scala:63)
	at akka.dispatch.BatchingExecutor$BlockableBatch.$anonfun$run$1(BatchingExecutor.scala:100)
	at scala.runtime.java8.JFunction0$mcV$sp.apply(JFunction0$mcV$sp.scala:18)
	at scala.concurrent.BlockContext$.withBlockContext(BlockContext.scala:94)
	at akka.dispatch.BatchingExecutor$BlockableBatch.run(BatchingExecutor.scala:100)
	at akka.dispatch.TaskInvocation.run(AbstractDispatcher.scala:49)
	at akka.dispatch.ForkJoinExecutorConfigurator$AkkaForkJoinTask.exec(ForkJoinExecutorConfigurator.scala:48)
	at java.base/java.util.concurrent.ForkJoinTask.doExec(ForkJoinTask.java:387)
	at java.base/java.util.concurrent.ForkJoinPool$WorkQueue.topLevelExec(ForkJoinPool.java:1312)
	at java.base/java.util.concurrent.ForkJoinPool.scan(ForkJoinPool.java:1843)
	at java.base/java.util.concurrent.ForkJoinPool.runWorker(ForkJoinPool.java:1808)
	at java.base/java.util.concurrent.ForkJoinWorkerThread.run(ForkJoinWorkerThread.java:188)
Caused by: java.lang.NumberFormatException: For input string: ""
	at java.base/java.lang.NumberFormatException.forInputString(NumberFormatException.java:67)
	at java.base/java.lang.Integer.parseInt(Integer.java:671)
	at java.base/java.lang.Integer.parseInt(Integer.java:777)
	at scala.collection.StringOps$.toInt$extension(StringOps.scala:908)
	at controllers.HomeController.$anonfun$placeCard$1(HomeController.scala:50)
	at scala.Function1.$anonfun$andThen$1(Function1.scala:87)
	at play.api.mvc.ActionBuilderImpl.invokeBlock(Action.scala:496)
	at play.api.mvc.ActionBuilderImpl.invokeBlock(Action.scala:494)
	at play.api.mvc.ActionBuilder$$anon$9.apply(Action.scala:434)
	at play.api.mvc.Action.$anonfun$apply$6(Action.scala:83)
	at play.api.mvc.BodyParser$.$anonfun$runParserThenInvokeAction$1(Action.scala:260)
	at play.api.libs.streams.StrictAccumulator.$anonfun$mapFuture$4(Accumulator.scala:167)
	at scala.util.Try$.apply(Try.scala:210)
	at play.api.libs.streams.StrictAccumulator.$anonfun$mapFuture$3(Accumulator.scala:167)
	at scala.Function1.$anonfun$andThen$1(Function1.scala:87)
	at scala.Function1.$anonfun$andThen$1(Function1.scala:87)
	at play.api.libs.streams.StrictAccumulator.run(Accumulator.scala:199)
	at play.core.server.AkkaHttpServer.$anonfun$runAction$3(AkkaHttpServer.scala:468)
	at akka.http.scaladsl.util.FastFuture$.strictTransform$1(FastFuture.scala:40)
	at akka.http.scaladsl.util.FastFuture$.$anonfun$transformWith$3(FastFuture.scala:50)
	at scala.concurrent.impl.Promise$Transformation.run(Promise.scala:484)
	... 12 common frames omitted
2023-11-06 18:03:26 [1;31mERROR[0;39m [36mp.api.http.DefaultHttpErrorHandler[0;39m [35m[0;39m 

! @83el8ffae - Internal server error, for (POST) [/placeCard] ->
 
play.api.http.HttpErrorHandlerExceptions$$anon$1: Execution exception[[NumberFormatException: For input string: ""]]
	at play.api.http.HttpErrorHandlerExceptions$.$anonfun$convertToPlayException$2(HttpErrorHandler.scala:400)
	at scala.Option.map(Option.scala:242)
	at play.api.http.HttpErrorHandlerExceptions$.convertToPlayException(HttpErrorHandler.scala:398)
	at play.api.http.HttpErrorHandlerExceptions$.throwableToUsefulException(HttpErrorHandler.scala:390)
	at play.api.http.DefaultHttpErrorHandler.onServerError(HttpErrorHandler.scala:267)
	at play.core.server.AkkaHttpServer$$anonfun$invokeAction$1$1.applyOrElse(AkkaHttpServer.scala:482)
	at play.core.server.AkkaHttpServer$$anonfun$invokeAction$1$1.applyOrElse(AkkaHttpServer.scala:474)
	at scala.concurrent.impl.Promise$Transformation.run(Promise.scala:490)
	at akka.dispatch.BatchingExecutor$AbstractBatch.processBatch(BatchingExecutor.scala:63)
	at akka.dispatch.BatchingExecutor$BlockableBatch.$anonfun$run$1(BatchingExecutor.scala:100)
	at scala.runtime.java8.JFunction0$mcV$sp.apply(JFunction0$mcV$sp.scala:18)
	at scala.concurrent.BlockContext$.withBlockContext(BlockContext.scala:94)
	at akka.dispatch.BatchingExecutor$BlockableBatch.run(BatchingExecutor.scala:100)
	at akka.dispatch.TaskInvocation.run(AbstractDispatcher.scala:49)
	at akka.dispatch.ForkJoinExecutorConfigurator$AkkaForkJoinTask.exec(ForkJoinExecutorConfigurator.scala:48)
	at java.base/java.util.concurrent.ForkJoinTask.doExec(ForkJoinTask.java:387)
	at java.base/java.util.concurrent.ForkJoinPool$WorkQueue.topLevelExec(ForkJoinPool.java:1312)
	at java.base/java.util.concurrent.ForkJoinPool.scan(ForkJoinPool.java:1843)
	at java.base/java.util.concurrent.ForkJoinPool.runWorker(ForkJoinPool.java:1808)
	at java.base/java.util.concurrent.ForkJoinWorkerThread.run(ForkJoinWorkerThread.java:188)
Caused by: java.lang.NumberFormatException: For input string: ""
	at java.base/java.lang.NumberFormatException.forInputString(NumberFormatException.java:67)
	at java.base/java.lang.Integer.parseInt(Integer.java:671)
	at java.base/java.lang.Integer.parseInt(Integer.java:777)
	at scala.collection.StringOps$.toInt$extension(StringOps.scala:908)
	at controllers.HomeController.$anonfun$placeCard$1(HomeController.scala:50)
	at scala.Function1.$anonfun$andThen$1(Function1.scala:87)
	at play.api.mvc.ActionBuilderImpl.invokeBlock(Action.scala:496)
	at play.api.mvc.ActionBuilderImpl.invokeBlock(Action.scala:494)
	at play.api.mvc.ActionBuilder$$anon$9.apply(Action.scala:434)
	at play.api.mvc.Action.$anonfun$apply$6(Action.scala:83)
	at play.api.mvc.BodyParser$.$anonfun$runParserThenInvokeAction$1(Action.scala:260)
	at play.api.libs.streams.StrictAccumulator.$anonfun$mapFuture$4(Accumulator.scala:167)
	at scala.util.Try$.apply(Try.scala:210)
	at play.api.libs.streams.StrictAccumulator.$anonfun$mapFuture$3(Accumulator.scala:167)
	at scala.Function1.$anonfun$andThen$1(Function1.scala:87)
	at scala.Function1.$anonfun$andThen$1(Function1.scala:87)
	at play.api.libs.streams.StrictAccumulator.run(Accumulator.scala:199)
	at play.core.server.AkkaHttpServer.$anonfun$runAction$3(AkkaHttpServer.scala:468)
	at akka.http.scaladsl.util.FastFuture$.strictTransform$1(FastFuture.scala:40)
	at akka.http.scaladsl.util.FastFuture$.$anonfun$transformWith$3(FastFuture.scala:50)
	at scala.concurrent.impl.Promise$Transformation.run(Promise.scala:484)
	... 12 common frames omitted
2023-11-06 18:03:31 [1;31mERROR[0;39m [36mp.api.http.DefaultHttpErrorHandler[0;39m [35m[0;39m 

! @83el8fmba - Internal server error, for (POST) [/placeCard] ->
 
play.api.http.HttpErrorHandlerExceptions$$anon$1: Execution exception[[NumberFormatException: For input string: ""]]
	at play.api.http.HttpErrorHandlerExceptions$.$anonfun$convertToPlayException$2(HttpErrorHandler.scala:400)
	at scala.Option.map(Option.scala:242)
	at play.api.http.HttpErrorHandlerExceptions$.convertToPlayException(HttpErrorHandler.scala:398)
	at play.api.http.HttpErrorHandlerExceptions$.throwableToUsefulException(HttpErrorHandler.scala:390)
	at play.api.http.DefaultHttpErrorHandler.onServerError(HttpErrorHandler.scala:267)
	at play.core.server.AkkaHttpServer$$anonfun$invokeAction$1$1.applyOrElse(AkkaHttpServer.scala:482)
	at play.core.server.AkkaHttpServer$$anonfun$invokeAction$1$1.applyOrElse(AkkaHttpServer.scala:474)
	at scala.concurrent.impl.Promise$Transformation.run(Promise.scala:490)
	at akka.dispatch.BatchingExecutor$AbstractBatch.processBatch(BatchingExecutor.scala:63)
	at akka.dispatch.BatchingExecutor$BlockableBatch.$anonfun$run$1(BatchingExecutor.scala:100)
	at scala.runtime.java8.JFunction0$mcV$sp.apply(JFunction0$mcV$sp.scala:18)
	at scala.concurrent.BlockContext$.withBlockContext(BlockContext.scala:94)
	at akka.dispatch.BatchingExecutor$BlockableBatch.run(BatchingExecutor.scala:100)
	at akka.dispatch.TaskInvocation.run(AbstractDispatcher.scala:49)
	at akka.dispatch.ForkJoinExecutorConfigurator$AkkaForkJoinTask.exec(ForkJoinExecutorConfigurator.scala:48)
	at java.base/java.util.concurrent.ForkJoinTask.doExec(ForkJoinTask.java:387)
	at java.base/java.util.concurrent.ForkJoinPool$WorkQueue.topLevelExec(ForkJoinPool.java:1312)
	at java.base/java.util.concurrent.ForkJoinPool.scan(ForkJoinPool.java:1843)
	at java.base/java.util.concurrent.ForkJoinPool.runWorker(ForkJoinPool.java:1808)
	at java.base/java.util.concurrent.ForkJoinWorkerThread.run(ForkJoinWorkerThread.java:188)
Caused by: java.lang.NumberFormatException: For input string: ""
	at java.base/java.lang.NumberFormatException.forInputString(NumberFormatException.java:67)
	at java.base/java.lang.Integer.parseInt(Integer.java:671)
	at java.base/java.lang.Integer.parseInt(Integer.java:777)
	at scala.collection.StringOps$.toInt$extension(StringOps.scala:908)
	at controllers.HomeController.$anonfun$placeCard$1(HomeController.scala:50)
	at scala.Function1.$anonfun$andThen$1(Function1.scala:87)
	at play.api.mvc.ActionBuilderImpl.invokeBlock(Action.scala:496)
	at play.api.mvc.ActionBuilderImpl.invokeBlock(Action.scala:494)
	at play.api.mvc.ActionBuilder$$anon$9.apply(Action.scala:434)
	at play.api.mvc.Action.$anonfun$apply$6(Action.scala:83)
	at play.api.mvc.BodyParser$.$anonfun$runParserThenInvokeAction$1(Action.scala:260)
	at play.api.libs.streams.StrictAccumulator.$anonfun$mapFuture$4(Accumulator.scala:167)
	at scala.util.Try$.apply(Try.scala:210)
	at play.api.libs.streams.StrictAccumulator.$anonfun$mapFuture$3(Accumulator.scala:167)
	at scala.Function1.$anonfun$andThen$1(Function1.scala:87)
	at scala.Function1.$anonfun$andThen$1(Function1.scala:87)
	at play.api.libs.streams.StrictAccumulator.run(Accumulator.scala:199)
	at play.core.server.AkkaHttpServer.$anonfun$runAction$3(AkkaHttpServer.scala:468)
	at akka.http.scaladsl.util.FastFuture$.strictTransform$1(FastFuture.scala:40)
	at akka.http.scaladsl.util.FastFuture$.$anonfun$transformWith$3(FastFuture.scala:50)
	at scala.concurrent.impl.Promise$Transformation.run(Promise.scala:484)
	... 12 common frames omitted
2023-11-06 18:03:33 [1;31mERROR[0;39m [36mp.api.http.DefaultHttpErrorHandler[0;39m [35m[0;39m 

! @83el8fpem - Internal server error, for (POST) [/placeCard] ->
 
play.api.http.HttpErrorHandlerExceptions$$anon$1: Execution exception[[NumberFormatException: For input string: ""]]
	at play.api.http.HttpErrorHandlerExceptions$.$anonfun$convertToPlayException$2(HttpErrorHandler.scala:400)
	at scala.Option.map(Option.scala:242)
	at play.api.http.HttpErrorHandlerExceptions$.convertToPlayException(HttpErrorHandler.scala:398)
	at play.api.http.HttpErrorHandlerExceptions$.throwableToUsefulException(HttpErrorHandler.scala:390)
	at play.api.http.DefaultHttpErrorHandler.onServerError(HttpErrorHandler.scala:267)
	at play.core.server.AkkaHttpServer$$anonfun$invokeAction$1$1.applyOrElse(AkkaHttpServer.scala:482)
	at play.core.server.AkkaHttpServer$$anonfun$invokeAction$1$1.applyOrElse(AkkaHttpServer.scala:474)
	at scala.concurrent.impl.Promise$Transformation.run(Promise.scala:490)
	at akka.dispatch.BatchingExecutor$AbstractBatch.processBatch(BatchingExecutor.scala:63)
	at akka.dispatch.BatchingExecutor$BlockableBatch.$anonfun$run$1(BatchingExecutor.scala:100)
	at scala.runtime.java8.JFunction0$mcV$sp.apply(JFunction0$mcV$sp.scala:18)
	at scala.concurrent.BlockContext$.withBlockContext(BlockContext.scala:94)
	at akka.dispatch.BatchingExecutor$BlockableBatch.run(BatchingExecutor.scala:100)
	at akka.dispatch.TaskInvocation.run(AbstractDispatcher.scala:49)
	at akka.dispatch.ForkJoinExecutorConfigurator$AkkaForkJoinTask.exec(ForkJoinExecutorConfigurator.scala:48)
	at java.base/java.util.concurrent.ForkJoinTask.doExec(ForkJoinTask.java:387)
	at java.base/java.util.concurrent.ForkJoinPool$WorkQueue.topLevelExec(ForkJoinPool.java:1312)
	at java.base/java.util.concurrent.ForkJoinPool.scan(ForkJoinPool.java:1843)
	at java.base/java.util.concurrent.ForkJoinPool.runWorker(ForkJoinPool.java:1808)
	at java.base/java.util.concurrent.ForkJoinWorkerThread.run(ForkJoinWorkerThread.java:188)
Caused by: java.lang.NumberFormatException: For input string: ""
	at java.base/java.lang.NumberFormatException.forInputString(NumberFormatException.java:67)
	at java.base/java.lang.Integer.parseInt(Integer.java:671)
	at java.base/java.lang.Integer.parseInt(Integer.java:777)
	at scala.collection.StringOps$.toInt$extension(StringOps.scala:908)
	at controllers.HomeController.$anonfun$placeCard$1(HomeController.scala:50)
	at scala.Function1.$anonfun$andThen$1(Function1.scala:87)
	at play.api.mvc.ActionBuilderImpl.invokeBlock(Action.scala:496)
	at play.api.mvc.ActionBuilderImpl.invokeBlock(Action.scala:494)
	at play.api.mvc.ActionBuilder$$anon$9.apply(Action.scala:434)
	at play.api.mvc.Action.$anonfun$apply$6(Action.scala:83)
	at play.api.mvc.BodyParser$.$anonfun$runParserThenInvokeAction$1(Action.scala:260)
	at play.api.libs.streams.StrictAccumulator.$anonfun$mapFuture$4(Accumulator.scala:167)
	at scala.util.Try$.apply(Try.scala:210)
	at play.api.libs.streams.StrictAccumulator.$anonfun$mapFuture$3(Accumulator.scala:167)
	at scala.Function1.$anonfun$andThen$1(Function1.scala:87)
	at scala.Function1.$anonfun$andThen$1(Function1.scala:87)
	at play.api.libs.streams.StrictAccumulator.run(Accumulator.scala:199)
	at play.core.server.AkkaHttpServer.$anonfun$runAction$3(AkkaHttpServer.scala:468)
	at akka.http.scaladsl.util.FastFuture$.strictTransform$1(FastFuture.scala:40)
	at akka.http.scaladsl.util.FastFuture$.$anonfun$transformWith$3(FastFuture.scala:50)
	at scala.concurrent.impl.Promise$Transformation.run(Promise.scala:484)
	... 12 common frames omitted
2023-11-06 18:06:31 [1;31mERROR[0;39m [36mp.api.http.DefaultHttpErrorHandler[0;39m [35m[0;39m 

! @83el90259 - Internal server error, for (POST) [/placeCard] ->
 
play.api.http.HttpErrorHandlerExceptions$$anon$1: Execution exception[[NumberFormatException: For input string: ""]]
	at play.api.http.HttpErrorHandlerExceptions$.$anonfun$convertToPlayException$2(HttpErrorHandler.scala:400)
	at scala.Option.map(Option.scala:242)
	at play.api.http.HttpErrorHandlerExceptions$.convertToPlayException(HttpErrorHandler.scala:398)
	at play.api.http.HttpErrorHandlerExceptions$.throwableToUsefulException(HttpErrorHandler.scala:390)
	at play.api.http.DefaultHttpErrorHandler.onServerError(HttpErrorHandler.scala:267)
	at play.core.server.AkkaHttpServer$$anonfun$invokeAction$1$1.applyOrElse(AkkaHttpServer.scala:482)
	at play.core.server.AkkaHttpServer$$anonfun$invokeAction$1$1.applyOrElse(AkkaHttpServer.scala:474)
	at scala.concurrent.impl.Promise$Transformation.run(Promise.scala:490)
	at akka.dispatch.BatchingExecutor$AbstractBatch.processBatch(BatchingExecutor.scala:63)
	at akka.dispatch.BatchingExecutor$BlockableBatch.$anonfun$run$1(BatchingExecutor.scala:100)
	at scala.runtime.java8.JFunction0$mcV$sp.apply(JFunction0$mcV$sp.scala:18)
	at scala.concurrent.BlockContext$.withBlockContext(BlockContext.scala:94)
	at akka.dispatch.BatchingExecutor$BlockableBatch.run(BatchingExecutor.scala:100)
	at akka.dispatch.TaskInvocation.run(AbstractDispatcher.scala:49)
	at akka.dispatch.ForkJoinExecutorConfigurator$AkkaForkJoinTask.exec(ForkJoinExecutorConfigurator.scala:48)
	at java.base/java.util.concurrent.ForkJoinTask.doExec(ForkJoinTask.java:387)
	at java.base/java.util.concurrent.ForkJoinPool$WorkQueue.topLevelExec(ForkJoinPool.java:1312)
	at java.base/java.util.concurrent.ForkJoinPool.scan(ForkJoinPool.java:1843)
	at java.base/java.util.concurrent.ForkJoinPool.runWorker(ForkJoinPool.java:1808)
	at java.base/java.util.concurrent.ForkJoinWorkerThread.run(ForkJoinWorkerThread.java:188)
Caused by: java.lang.NumberFormatException: For input string: ""
	at java.base/java.lang.NumberFormatException.forInputString(NumberFormatException.java:67)
	at java.base/java.lang.Integer.parseInt(Integer.java:671)
	at java.base/java.lang.Integer.parseInt(Integer.java:777)
	at scala.collection.StringOps$.toInt$extension(StringOps.scala:908)
	at controllers.HomeController.$anonfun$placeCard$1(HomeController.scala:50)
	at scala.Function1.$anonfun$andThen$1(Function1.scala:87)
	at play.api.mvc.ActionBuilderImpl.invokeBlock(Action.scala:496)
	at play.api.mvc.ActionBuilderImpl.invokeBlock(Action.scala:494)
	at play.api.mvc.ActionBuilder$$anon$9.apply(Action.scala:434)
	at play.api.mvc.Action.$anonfun$apply$6(Action.scala:83)
	at play.api.mvc.BodyParser$.$anonfun$runParserThenInvokeAction$1(Action.scala:260)
	at play.api.libs.streams.StrictAccumulator.$anonfun$mapFuture$4(Accumulator.scala:167)
	at scala.util.Try$.apply(Try.scala:210)
	at play.api.libs.streams.StrictAccumulator.$anonfun$mapFuture$3(Accumulator.scala:167)
	at scala.Function1.$anonfun$andThen$1(Function1.scala:87)
	at scala.Function1.$anonfun$andThen$1(Function1.scala:87)
	at play.api.libs.streams.StrictAccumulator.run(Accumulator.scala:199)
	at play.core.server.AkkaHttpServer.$anonfun$runAction$3(AkkaHttpServer.scala:468)
	at akka.http.scaladsl.util.FastFuture$.strictTransform$1(FastFuture.scala:40)
	at akka.http.scaladsl.util.FastFuture$.$anonfun$transformWith$3(FastFuture.scala:50)
	at scala.concurrent.impl.Promise$Transformation.run(Promise.scala:484)
	... 12 common frames omitted
